Test Case / Result
TC1_Login - PASSED
TC2_Improper_login_password - PASSED
TC3_Improper_login_email - PASSED
TC4_Create_technologies_valid - PASSED
TC5_Create_technologies_invalid - PASSED
TC6_Update_technologies - PASSED
TC7_Create_existing_technologies - PASSED
TC8_Create_seniorities_valid - PASSED
TC9_Create_seniorities_invalid - PASSED
TC10_Update_seniorities - PASSED
TC11_Create_existing_seniorities - PASSED
TC12_Create_teams_valid - FAILED
TC13_Create_teams_invalid - PASSED
TC14_Update_teams - ERROR
TC15_Create_existing_teams - FAILED
TC16_Create_people_valid_name - PASSED
TC17_Create_people_other_fields - ERROR
TC18_Create_people_invalid_name - PASSED
TC19_Create_people_invalid_fields - PASSED
TC20_Update_people_existing_fields - PASSED
TC21_Update_people_add_fields - PASSED
TC22_Update_people_remove_fields - PASSED
TC23_Create_existing_people - PASSED
TC24_Delete_team_from_people() - PASSED
TC25_Delete_seniorities_from_people - PASSED
TC26_Delete_1_technologies_from_people - PASSED
TC27_Delete_seniorities_from_people - PASSED
TC28_Create_Projects_valid - PASSED
TC29_Create_Projects_add_people - FAILED
TC30_Create_Projects_invalid - PASSED
TC31_Create_Projects_add_ivalid_people - PASSED
TC32_Update_Projects - PASSED
TC33_Create_existing_Projects - PASSED
TC34_Multiple_Login_atempts - FAILED
